Arguments: 
  C:\Program Files\nodejs\node.exe C:\Users\Isaac Amankwaah\AppData\Roaming\npm\node_modules\yarn\bin\yarn.js install

PATH: 
  C:\Program Files\Common Files\Oracle\Java\javapath;C:\Program Files\Microsoft\jdk-11.0.15.10-hotspot\bin;C:\Program Files (x86)\Common Files\Oracle\Java\javapath;C:\Windows\system32;C:\Windows;C:\Windows\System32\Wbem;C:\Windows\System32\WindowsPowerShell\v1.0\;C:\Windows\System32\OpenSSH\;C:\Program Files\dotnet\;C:\Program Files\Git\cmd;C:\Program Files\Docker\Docker\resources\bin;C:\ProgramData\chocolatey\bin;C:\Program Files\nodejs\;C:\flutter\bin;C:\flutter\bin\cache\dart-sdk\bin;C:\cmdline-tools\bin;C:\xampp\php;C:\composer;C:\Python311\Scripts\;C:\Python311\;C:\Users\Isaac Amankwaah\AppData\Local\Programs\Python\Python311\Scripts\;C:\Users\Isaac Amankwaah\AppData\Local\Programs\Python\Python311\;C:\Users\Isaac Amankwaah\AppData\Local\Microsoft\WindowsApps;C:\Users\Isaac Amankwaah\.dotnet\tools;C:\Program Files\JetBrains\WebStorm 2023.1.3\bin;;C:\Users\Isaac Amankwaah\AppData\Local\GitHubDesktop\bin;C:\Users\Isaac Amankwaah\AppData\Local\Programs\Microsoft VS Code\bin;C:\Users\Isaac Amankwaah\AppData\Roaming\npm;C:\Program Files\JetBrains\PyCharm Community Edition 2023.2\bin;;C:\Program Files\JetBrains\IntelliJ IDEA 2023.2\bin;;C:\flutter\bin;C:\flutter\bin\cache\dart-sdk\bin;C:\cmdline-tools\bin;C:\Users\Isaac Amankwaah\AppData\Roaming\Composer\vendor\bin;C:\composer;C:\xampp\php;

Yarn version: 
  1.22.19

Node version: 
  18.17.0

Platform: 
  win32 x64

Trace: 
  Error: read ECONNRESET
      at TLSWrap.onStreamRead (node:internal/stream_base_commons:217:20)

npm manifest: 
  {
    "name": "dating-ui",
    "version": "0.1.0",
    "private": true,
    "scripts": {
      "dev": "next dev",
      "build": "next build",
      "start": "next start",
      "lint": "next lint"
    },
    "dependencies": {
      "formik": "^2.4.5",
      "next": "14.0.2",
      "react": "^18",
      "react-dom": "^18",
      "yup": "^1.3.2"
    },
    "devDependencies": {
      "@types/node": "^20",
      "@types/react": "^18",
      "@types/react-dom": "^18",
      "autoprefixer": "^10.0.1",
      "eslint": "^8",
      "eslint-config-next": "14.0.2",
      "postcss": "^8",
      "tailwindcss": "^3.3.0",
      "typescript": "^5"
    }
  }

yarn manifest: 
  No manifest

Lockfile: 
  No lockfile
